TN:
SF:src/app.ts
FNF:0
FNH:0
DA:1,1
DA:2,1
DA:3,1
DA:4,1
DA:5,1
DA:7,1
DA:8,1
DA:9,1
DA:11,1
DA:12,1
DA:14,1
LF:11
LH:11
BRF:0
BRH:0
end_of_record
TN:
SF:src/database.ts
FNF:0
FNH:0
DA:1,1
DA:3,1
DA:4,1
LF:3
LH:3
BRF:0
BRH:0
end_of_record
TN:
SF:src/controllers/recommendationController.ts
FN:6,insert
FN:17,upvote
FN:25,downvote
FN:33,random
FN:39,get
FN:44,getTop
FN:51,getById
FNF:7
FNH:7
FNDA:5,insert
FNDA:2,upvote
FNDA:3,downvote
FNDA:2,random
FNDA:1,get
FNDA:2,getTop
FNDA:2,getById
DA:2,1
DA:3,1
DA:4,1
DA:7,5
DA:8,5
DA:9,3
DA:12,2
DA:14,1
DA:18,2
DA:20,2
DA:22,1
DA:26,3
DA:28,3
DA:30,2
DA:34,2
DA:36,1
DA:40,1
DA:41,1
DA:45,2
DA:47,2
DA:48,2
DA:52,2
DA:54,2
DA:55,1
DA:58,1
LF:25
LH:25
BRDA:8,0,0,3
BRF:1
BRH:1
end_of_record
TN:
SF:src/middlewares/errorHandlerMiddleware.ts
FN:8,errorHandlerMiddleware
FNF:1
FNH:1
FNDA:8,errorHandlerMiddleware
DA:2,1
DA:8,1
DA:14,8
DA:16,8
DA:17,8
DA:20,0
LF:6
LH:5
BRDA:16,0,0,8
BRF:1
BRH:1
end_of_record
TN:
SF:src/repositories/recommendationRepository.ts
FN:5,create
FN:16,findAll
FN:26,getAmountByScore
FN:33,getFindAllFilter
FN:45,find
FN:51,findByName
FN:57,updateScore
FN:66,remove
FNF:8
FNH:8
FNDA:1,create
FNDA:5,findAll
FNDA:2,getAmountByScore
FNDA:5,getFindAllFilter
FNDA:7,find
FNDA:2,findByName
FNDA:3,updateScore
FNDA:1,remove
DA:2,1
DA:6,1
DA:17,5
DA:19,5
DA:27,2
DA:36,5
DA:38,2
DA:40,2
DA:46,7
DA:52,2
DA:58,3
DA:67,1
DA:72,1
LF:13
LH:13
BRDA:36,0,0,3
BRF:1
BRH:1
end_of_record
TN:
SF:src/routers/recommendationRouter.ts
FNF:0
FNH:0
DA:1,1
DA:2,1
DA:4,1
DA:6,1
DA:7,1
DA:8,1
DA:9,1
DA:10,1
DA:11,1
DA:12,1
DA:14,1
LF:11
LH:11
BRF:0
BRH:0
end_of_record
TN:
SF:src/schemas/recommendationsSchemas.ts
FNF:0
FNH:0
DA:1,1
DA:4,1
DA:6,1
LF:3
LH:3
BRF:0
BRH:0
end_of_record
TN:
SF:src/services/recommendationsService.ts
FN:7,insert
FN:17,upvote
FN:23,downvote
FN:36,getByIdOrFail
FN:43,get
FN:47,getTop
FN:51,getRandom
FN:64,getByScore
FN:77,getScoreFilter
FNF:9
FNH:9
FNDA:2,insert
FNDA:2,upvote
FNDA:3,downvote
FNDA:7,getByIdOrFail
FNDA:1,get
FNDA:2,getTop
FNDA:2,getRandom
FNDA:2,getByScore
FNDA:2,getScoreFilter
DA:2,1
DA:3,1
DA:8,2
DA:11,2
DA:12,1
DA:14,1
DA:18,2
DA:20,1
DA:24,3
DA:26,2
DA:31,2
DA:32,1
DA:37,7
DA:38,7
DA:40,4
DA:44,1
DA:48,2
DA:52,2
DA:53,2
DA:55,2
DA:56,2
DA:57,1
DA:60,1
DA:61,1
DA:65,2
DA:70,2
DA:71,0
DA:74,2
DA:78,2
DA:79,2
DA:82,0
DA:85,1
LF:32
LH:30
BRDA:11,0,0,1
BRDA:31,1,0,1
BRDA:38,2,0,3
BRDA:56,3,0,1
BRDA:70,4,0,0
BRDA:78,5,0,2
BRF:6
BRH:5
end_of_record
TN:
SF:src/utils/errorUtils.ts
FN:7,isAppError
FN:11,errorTypeToStatusCode
FN:19,conflictError
FN:23,notFoundError
FN:27,unauthorizedError
FN:31,wrongSchemaError
FNF:6
FNH:5
FNDA:8,isAppError
FNDA:8,errorTypeToStatusCode
FNDA:1,conflictError
FNDA:4,notFoundError
FNDA:0,unauthorizedError
FNDA:3,wrongSchemaError
DA:7,1
DA:8,8
DA:11,1
DA:12,8
DA:13,7
DA:14,3
DA:15,3
DA:16,0
DA:19,1
DA:20,1
DA:23,1
DA:24,4
DA:27,1
DA:28,0
DA:31,1
DA:32,3
LF:16
LH:14
BRDA:12,0,0,1
BRDA:13,1,0,4
BRDA:14,2,0,0
BRDA:15,3,0,3
BRDA:20,4,0,1
BRDA:20,4,1,0
BRDA:20,5,0,1
BRDA:20,5,1,1
BRDA:24,6,0,0
BRDA:24,6,1,4
BRDA:24,7,0,4
BRDA:24,7,1,4
BRDA:28,8,0,0
BRDA:28,8,1,0
BRDA:28,9,0,0
BRDA:28,9,1,0
BRDA:32,10,0,0
BRDA:32,10,1,3
BRDA:32,11,0,3
BRDA:32,11,1,3
BRF:20
BRH:12
end_of_record
TN:
SF:tests/integration/factories/recommendationFactory.ts
FN:3,(anonymous_0)
FNF:1
FNH:1
FNDA:34,(anonymous_0)
DA:1,1
DA:3,1
DA:4,34
LF:3
LH:3
BRDA:3,0,0,3
BRDA:7,1,0,34
BRDA:7,1,1,11
BRF:3
BRH:3
end_of_record
TN:
SF:tests/integration/factories/scenarioFactory.ts
FN:4,createRecommendation
FN:6,(anonymous_9)
FN:7,(anonymous_10)
FN:7,(anonymous_11)
FNF:4
FNH:4
FNDA:8,createRecommendation
FNDA:31,(anonymous_9)
FNDA:31,(anonymous_10)
FNDA:31,(anonymous_11)
DA:1,1
DA:2,1
DA:4,1
DA:5,8
DA:6,31
DA:7,31
DA:10,8
DA:11,8
LF:8
LH:8
BRDA:4,0,0,4
BRDA:4,1,0,6
BRF:2
BRH:2
end_of_record
